#
# There is insufficient memory for the Java Runtime Environment to continue.
# Native memory allocation (mmap) failed to map 72876032 bytes for committing reserved memory.
# Possible reasons:
#   The system is out of physical RAM or swap space
#   In 32 bit mode, the process size limit was hit
# Possible solutions:
#   Reduce memory load on the system
#   Increase physical memory or swap space
#   Check if swap backing store is full
#   Use 64 bit Java on a 64 bit OS
#   Decrease Java heap size (-Xmx/-Xms)
#   Decrease number of Java threads
#   Decrease Java thread stack sizes (-Xss)
#   Set larger code cache with -XX:ReservedCodeCacheSize=
# This output file may be truncated or incomplete.
#
#  Out of Memory Error (os_linux.cpp:2627), pid=13511, tid=0x00007f0638174700
#
# JRE version: Java(TM) SE Runtime Environment (8.0_101-b13) (build 1.8.0_101-b13)
# Java VM: Java HotSpot(TM) 64-Bit Server VM (25.101-b13 mixed mode linux-amd64 compressed oops)
# Failed to write core dump. Core dumps have been disabled. To enable core dumping, try "ulimit -c unlimited" before starting Java again
#

---------------  T H R E A D  ---------------

Current thread (0x00007f0634073800):  VMThread [stack: 0x00007f0638074000,0x00007f0638175000] [id=13518]

Stack: [0x00007f0638074000,0x00007f0638175000],  sp=0x00007f0638173120,  free space=1020k
Native frames: (J=compiled Java code, j=interpreted, Vv=VM code, C=native code)
V  [libjvm.so+0xac3f0a]  VMError::report_and_die()+0x2ba
V  [libjvm.so+0x4fbf9b]  report_vm_out_of_memory(char const*, int, unsigned long, VMErrorType, char const*)+0x8b
V  [libjvm.so+0x9222d3]  os::Linux::commit_memory_impl(char*, unsigned long, bool)+0x103
V  [libjvm.so+0x922829]  os::pd_commit_memory(char*, unsigned long, unsigned long, bool)+0x29
V  [libjvm.so+0x91cb2a]  os::commit_memory(char*, unsigned long, unsigned long, bool)+0x2a
V  [libjvm.so+0x991053]  PSVirtualSpace::expand_by(unsigned long)+0x53
V  [libjvm.so+0x981920]  PSOldGen::expand(unsigned long)+0x170
V  [libjvm.so+0x981b2b]  PSOldGen::resize(unsigned long)+0x1cb
V  [libjvm.so+0x989821]  PSParallelCompact::invoke_no_policy(bool)+0x991
V  [libjvm.so+0x98f17d]  PSScavenge::invoke()+0x1ad
V  [libjvm.so+0x945fc0]  ParallelScavengeHeap::failed_mem_allocate(unsigned long)+0x70
V  [libjvm.so+0xac5927]  VM_ParallelGCFailedAllocation::doit()+0x97
V  [libjvm.so+0xacd405]  VM_Operation::evaluate()+0x55
V  [libjvm.so+0xacb7da]  VMThread::evaluate_operation(VM_Operation*)+0xba
V  [libjvm.so+0xacbb5e]  VMThread::loop()+0x1ce
V  [libjvm.so+0xacbfd0]  VMThread::run()+0x70
V  [libjvm.so+0x924698]  java_start(Thread*)+0x108

VM_Operation (0x00007f0621c34bf0): ParallelGCFailedAllocation, mode: safepoint, requested by thread 0x00007f063413f000


---------------  P R O C E S S  ---------------

Java Threads: ( => current thread )
  0x00007f0634143800 JavaThread "pool-2-thread-4" [_thread_blocked, id=13535, stack(0x00007f0621a35000,0x00007f0621b36000)]
  0x00007f063413f000 JavaThread "pool-2-thread-3" [_thread_blocked, id=13534, stack(0x00007f0621b36000,0x00007f0621c37000)]
  0x00007f063413d800 JavaThread "pool-2-thread-2" [_thread_blocked, id=13533, stack(0x00007f0621c37000,0x00007f0621d38000)]
  0x00007f063413c000 JavaThread "pool-3-thread-1" [_thread_blocked, id=13532, stack(0x00007f0621d38000,0x00007f0621e39000)]
  0x00007f0634139800 JavaThread "pool-2-thread-1" [_thread_blocked, id=13531, stack(0x00007f0621e39000,0x00007f0621f3a000)]
  0x00007f06340ba000 JavaThread "Service Thread" daemon [_thread_blocked, id=13524, stack(0x00007f062203b000,0x00007f062213c000)]
  0x00007f06340b7800 JavaThread "C1 CompilerThread1" daemon [_thread_blocked, id=13523, stack(0x00007f062213c000,0x00007f062223d000)]
  0x00007f06340b4800 JavaThread "C2 CompilerThread0" daemon [_thread_blocked, id=13522, stack(0x00007f062223d000,0x00007f062233e000)]
  0x00007f06340b3000 JavaThread "Signal Dispatcher" daemon [_thread_blocked, id=13521, stack(0x00007f062233e000,0x00007f062243f000)]
  0x00007f0634080000 JavaThread "Finalizer" daemon [_thread_blocked, id=13520, stack(0x00007f0622dfe000,0x00007f0622eff000)]
  0x00007f063407b800 JavaThread "Reference Handler" daemon [_thread_blocked, id=13519, stack(0x00007f0622eff000,0x00007f0623000000)]
  0x00007f063400a000 JavaThread "main" [_thread_blocked, id=13515, stack(0x00007f063ceec000,0x00007f063cfed000)]

Other Threads:
=>0x00007f0634073800 VMThread [stack: 0x00007f0638074000,0x00007f0638175000] [id=13518]
  0x00007f06340bd000 WatcherThread [stack: 0x00007f0621f3a000,0x00007f062203b000] [id=13525]

VM state:at safepoint (normal execution)

VM Mutex/Monitor currently owned by a thread:  ([mutex/lock_event])
[0x00007f0634005ef0] ExpandHeap_lock - owner thread: 0x00007f0634073800
[0x00007f0634006570] Threads_lock - owner thread: 0x00007f0634073800
[0x00007f0634006a70] Heap_lock - owner thread: 0x00007f063413f000

Heap:
 PSYoungGen      total 209920K, used 9858K [0x00000000eab00000, 0x00000000fac80000, 0x0000000100000000)
  eden space 159232K, 0% used [0x00000000eab00000,0x00000000eab00000,0x00000000f4680000)
  from space 50688K, 19% used [0x00000000f7b00000,0x00000000f84a0aa0,0x00000000fac80000)
  to   space 52224K, 0% used [0x00000000f4680000,0x00000000f4680000,0x00000000f7980000)
 ParOldGen       total 186368K, used 186248K [0x00000000c0000000, 0x00000000cb600000, 0x00000000eab00000)
  object space 186368K, 99% used [0x00000000c0000000,0x00000000cb5e22d0,0x00000000cb600000)
 Metaspace       used 6058K, capacity 7000K, committed 7168K, reserved 1056768K
  class space    used 610K, capacity 656K, committed 768K, reserved 1048576K

Card table byte_map: [0x00007f0639a95000,0x00007f0639c96000] byte_map_base: 0x00007f0639495000

Marking Bits: (ParMarkBitMap*) 0x00007f063c3be120
 Begin Bits: [0x00007f0623000000, 0x00007f0624000000)
 End Bits:   [0x00007f0624000000, 0x00007f0625000000)

Polling page: 0x00007f063d00d000

CodeCache: size=245760Kb used=5788Kb max_used=5788Kb free=239971Kb
 bounds [0x00007f0625000000, 0x00007f06255b0000, 0x00007f0634000000]
 total_blobs=1642 nmethods=1376 adapters=181
 compilation: enabled

Compilation events (10 events):
Event: 37.848 Thread 0x00007f06340b7800 1726       3       com.android.dx.ssa.back.SsaToRop::removePhiFunctions (83 bytes)
Event: 37.850 Thread 0x00007f06340b7800 nmethod 1726 0x00007f06255a2590 code [0x00007f06255a2860, 0x00007f06255a3bc8]
Event: 38.001 Thread 0x00007f06340b7800 1727 %     3       com.android.dx.ssa.SsaMethod::getCountReachableBlocks @ 10 (44 bytes)
Event: 38.003 Thread 0x00007f06340b7800 nmethod 1727% 0x00007f06255a4690 code [0x00007f06255a4880, 0x00007f06255a51c8]
Event: 38.003 Thread 0x00007f06340b7800 1728       3       com.android.dx.ssa.SsaMethod::getCountReachableBlocks (44 bytes)
Event: 38.004 Thread 0x00007f06340b7800 nmethod 1728 0x00007f06255a5550 code [0x00007f06255a5740, 0x00007f06255a5ff8]
Event: 38.015 Thread 0x00007f06340b7800 1729 %     3       com.android.dx.ssa.back.SsaToRop::convertBasicBlocks @ 69 (151 bytes)
Event: 38.019 Thread 0x00007f06340b7800 nmethod 1729% 0x00007f06255a63d0 code [0x00007f06255a66e0, 0x00007f06255a80e8]
Event: 38.019 Thread 0x00007f06340b7800 1730 %     3       com.android.dx.util.LabeledList::<init> @ 26 (57 bytes)
Event: 38.021 Thread 0x00007f06340b7800 nmethod 1730% 0x00007f06255a8e90 code [0x00007f06255a90c0, 0x00007f06255a9dd8]

GC Heap History (10 events):
Event: 31.998 GC heap after
Heap after GC invocations=13 (full 2):
 PSYoungGen      total 109568K, used 36330K [0x00000000eab00000, 0x00000000f7180000, 0x0000000100000000)
  eden space 73216K, 0% used [0x00000000eab00000,0x00000000eab00000,0x00000000ef280000)
  from space 36352K, 99% used [0x00000000ef280000,0x00000000f15faa88,0x00000000f1600000)
  to   space 49664K, 0% used [0x00000000f4100000,0x00000000f4100000,0x00000000f7180000)
 ParOldGen       total 115712K, used 88022K [0x00000000c0000000, 0x00000000c7100000, 0x00000000eab00000)
  object space 115712K, 76% used [0x00000000c0000000,0x00000000c55f5bb8,0x00000000c7100000)
 Metaspace       used 6048K, capacity 7000K, committed 7168K, reserved 1056768K
  class space    used 609K, capacity 656K, committed 768K, reserved 1048576K
}
Event: 32.417 GC heap before
{Heap before GC invocations=14 (full 2):
 PSYoungGen      total 109568K, used 109546K [0x00000000eab00000, 0x00000000f7180000, 0x0000000100000000)
  eden space 73216K, 100% used [0x00000000eab00000,0x00000000ef280000,0x00000000ef280000)
  from space 36352K, 99% used [0x00000000ef280000,0x00000000f15faa88,0x00000000f1600000)
  to   space 49664K, 0% used [0x00000000f4100000,0x00000000f4100000,0x00000000f7180000)
 ParOldGen       total 115712K, used 88022K [0x00000000c0000000, 0x00000000c7100000, 0x00000000eab00000)
  object space 115712K, 76% used [0x00000000c0000000,0x00000000c55f5bb8,0x00000000c7100000)
 Metaspace       used 6048K, capacity 7000K, committed 7168K, reserved 1056768K
  class space    used 609K, capacity 656K, committed 768K, reserved 1048576K
Event: 34.988 GC heap after
Heap after GC invocations=14 (full 2):
 PSYoungGen      total 155136K, used 21174K [0x00000000eab00000, 0x00000000f7280000, 0x0000000100000000)
  eden space 105472K, 0% used [0x00000000eab00000,0x00000000eab00000,0x00000000f1200000)
  from space 49664K, 42% used [0x00000000f4100000,0x00000000f55ad800,0x00000000f7180000)
  to   space 48128K, 0% used [0x00000000f1200000,0x00000000f1200000,0x00000000f4100000)
 ParOldGen       total 126464K, used 126169K [0x00000000c0000000, 0x00000000c7b80000, 0x00000000eab00000)
  object space 126464K, 99% used [0x00000000c0000000,0x00000000c7b36640,0x00000000c7b80000)
 Metaspace       used 6048K, capacity 7000K, committed 7168K, reserved 1056768K
  class space    used 609K, capacity 656K, committed 768K, reserved 1048576K
}
Event: 34.988 GC heap before
{Heap before GC invocations=15 (full 3):
 PSYoungGen      total 155136K, used 21174K [0x00000000eab00000, 0x00000000f7280000, 0x0000000100000000)
  eden space 105472K, 0% used [0x00000000eab00000,0x00000000eab00000,0x00000000f1200000)
  from space 49664K, 42% used [0x00000000f4100000,0x00000000f55ad800,0x00000000f7180000)
  to   space 48128K, 0% used [0x00000000f1200000,0x00000000f1200000,0x00000000f4100000)
 ParOldGen       total 126464K, used 126169K [0x00000000c0000000, 0x00000000c7b80000, 0x00000000eab00000)
  object space 126464K, 99% used [0x00000000c0000000,0x00000000c7b36640,0x00000000c7b80000)
 Metaspace       used 6048K, capacity 7000K, committed 7168K, reserved 1056768K
  class space    used 609K, capacity 656K, committed 768K, reserved 1048576K
Event: 35.405 GC heap after
Heap after GC invocations=15 (full 3):
 PSYoungGen      total 155136K, used 16401K [0x00000000eab00000, 0x00000000f7280000, 0x0000000100000000)
  eden space 105472K, 0% used [0x00000000eab00000,0x00000000eab00000,0x00000000f1200000)
  from space 49664K, 33% used [0x00000000f4100000,0x00000000f51044f0,0x00000000f7180000)
  to   space 48128K, 0% used [0x00000000f1200000,0x00000000f1200000,0x00000000f4100000)
 ParOldGen       total 186368K, used 126117K [0x00000000c0000000, 0x00000000cb600000, 0x00000000eab00000)
  object space 186368K, 67% used [0x00000000c0000000,0x00000000c7b29428,0x00000000cb600000)
 Metaspace       used 6048K, capacity 7000K, committed 7168K, reserved 1056768K
  class space    used 609K, capacity 656K, committed 768K, reserved 1048576K
}
Event: 36.105 GC heap before
{Heap before GC invocations=16 (full 3):
 PSYoungGen      total 155136K, used 121873K [0x00000000eab00000, 0x00000000f7280000, 0x0000000100000000)
  eden space 105472K, 100% used [0x00000000eab00000,0x00000000f1200000,0x00000000f1200000)
  from space 49664K, 33% used [0x00000000f4100000,0x00000000f51044f0,0x00000000f7180000)
  to   space 48128K, 0% used [0x00000000f1200000,0x00000000f1200000,0x00000000f4100000)
 ParOldGen       total 186368K, used 126117K [0x00000000c0000000, 0x00000000cb600000, 0x00000000eab00000)
  object space 186368K, 67% used [0x00000000c0000000,0x00000000c7b29428,0x00000000cb600000)
 Metaspace       used 6056K, capacity 7000K, committed 7168K, reserved 1056768K
  class space    used 610K, capacity 656K, committed 768K, reserved 1048576K
Event: 37.034 GC heap after
Heap after GC invocations=16 (full 3):
 PSYoungGen      total 153600K, used 44669K [0x00000000eab00000, 0x00000000fb100000, 0x0000000100000000)
  eden space 105472K, 0% used [0x00000000eab00000,0x00000000eab00000,0x00000000f1200000)
  from space 48128K, 92% used [0x00000000f1200000,0x00000000f3d9f680,0x00000000f4100000)
  to   space 55296K, 0% used [0x00000000f7b00000,0x00000000f7b00000,0x00000000fb100000)
 ParOldGen       total 186368K, used 142461K [0x00000000c0000000, 0x00000000cb600000, 0x00000000eab00000)
  object space 186368K, 76% used [0x00000000c0000000,0x00000000c8b1f428,0x00000000cb600000)
 Metaspace       used 6056K, capacity 7000K, committed 7168K, reserved 1056768K
  class space    used 610K, capacity 656K, committed 768K, reserved 1048576K
}
Event: 38.026 GC heap before
{Heap before GC invocations=17 (full 3):
 PSYoungGen      total 153600K, used 150141K [0x00000000eab00000, 0x00000000fb100000, 0x0000000100000000)
  eden space 105472K, 100% used [0x00000000eab00000,0x00000000f1200000,0x00000000f1200000)
  from space 48128K, 92% used [0x00000000f1200000,0x00000000f3d9f680,0x00000000f4100000)
  to   space 55296K, 0% used [0x00000000f7b00000,0x00000000f7b00000,0x00000000fb100000)
 ParOldGen       total 186368K, used 142461K [0x00000000c0000000, 0x00000000cb600000, 0x00000000eab00000)
  object space 186368K, 76% used [0x00000000c0000000,0x00000000c8b1f428,0x00000000cb600000)
 Metaspace       used 6058K, capacity 7000K, committed 7168K, reserved 1056768K
  class space    used 610K, capacity 656K, committed 768K, reserved 1048576K
Event: 40.488 GC heap after
Heap after GC invocations=17 (full 3):
 PSYoungGen      total 209920K, used 17588K [0x00000000eab00000, 0x00000000fac80000, 0x0000000100000000)
  eden space 159232K, 0% used [0x00000000eab00000,0x00000000eab00000,0x00000000f4680000)
  from space 50688K, 34% used [0x00000000f7b00000,0x00000000f8c2d3c0,0x00000000fac80000)
  to   space 52224K, 0% used [0x00000000f4680000,0x00000000f4680000,0x00000000f7980000)
 ParOldGen       total 186368K, used 184285K [0x00000000c0000000, 0x00000000cb600000, 0x00000000eab00000)
  object space 186368K, 98% used [0x00000000c0000000,0x00000000cb3f7488,0x00000000cb600000)
 Metaspace       used 6058K, capacity 7000K, committed 7168K, reserved 1056768K
  class space    used 610K, capacity 656K, committed 768K, reserved 1048576K
}
Event: 40.488 GC heap before
{Heap before GC invocations=18 (full 4):
 PSYoungGen      total 209920K, used 17588K [0x00000000eab00000, 0x00000000fac80000, 0x0000000100000000)
  eden space 159232K, 0% used [0x00000000eab00000,0x00000000eab00000,0x00000000f4680000)
  from space 50688K, 34% used [0x00000000f7b00000,0x00000000f8c2d3c0,0x00000000fac80000)
  to   space 52224K, 0% used [0x00000000f4680000,0x00000000f4680000,0x00000000f7980000)
 ParOldGen       total 186368K, used 184285K [0x00000000c0000000, 0x00000000cb600000, 0x00000000eab00000)
  object space 186368K, 98% used [0x00000000c0000000,0x00000000cb3f7488,0x00000000cb600000)
 Metaspace       used 6058K, capacity 7000K, committed 7168K, reserved 1056768K
  class space    used 610K, capacity 656K, committed 768K, reserved 1048576K

Deoptimization events (10 events):
Event: 1.635 Thread 0x00007f063413f000 Uncommon trap: reason=unstable_if action=reinterpret pc=0x00007f06251d1b8c method=java.util.HashMap.getNode(ILjava/lang/Object;)Ljava/util/HashMap$Node; @ 62
Event: 2.986 Thread 0x00007f063400a000 Uncommon trap: reason=unstable_if action=reinterpret pc=0x00007f06251abb9c method=java.lang.String.<init>([CII)V @ 18
Event: 3.629 Thread 0x00007f063400a000 Uncommon trap: reason=bimorphic action=maybe_recompile pc=0x00007f062522df5c method=java.util.HashMap.getNode(ILjava/lang/Object;)Ljava/util/HashMap$Node; @ 126
Event: 3.629 Thread 0x00007f063400a000 Uncommon trap: reason=bimorphic action=maybe_recompile pc=0x00007f062522df5c method=java.util.HashMap.getNode(ILjava/lang/Object;)Ljava/util/HashMap$Node; @ 126
Event: 3.629 Thread 0x00007f063400a000 Uncommon trap: reason=bimorphic action=maybe_recompile pc=0x00007f062522df5c method=java.util.HashMap.getNode(ILjava/lang/Object;)Ljava/util/HashMap$Node; @ 126
Event: 3.629 Thread 0x00007f063400a000 Uncommon trap: reason=bimorphic action=maybe_recompile pc=0x00007f062522df5c method=java.util.HashMap.getNode(ILjava/lang/Object;)Ljava/util/HashMap$Node; @ 126
Event: 3.629 Thread 0x00007f063400a000 Uncommon trap: reason=bimorphic action=maybe_recompile pc=0x00007f0625201094 method=java.util.HashMap.getNode(ILjava/lang/Object;)Ljava/util/HashMap$Node; @ 126
Event: 5.896 Thread 0x00007f063413d800 Uncommon trap: reason=unstable_if action=reinterpret pc=0x00007f06252a2318 method=java.util.HashMap.putVal(ILjava/lang/Object;Ljava/lang/Object;ZZ)Ljava/lang/Object; @ 162
Event: 5.933 Thread 0x00007f063413d800 Uncommon trap: reason=unstable_if action=reinterpret pc=0x00007f062534832c method=java.util.HashMap.getNode(ILjava/lang/Object;)Ljava/util/HashMap$Node; @ 84
Event: 37.268 Thread 0x00007f063413f000 Uncommon trap: reason=unstable_if action=reinterpret pc=0x00007f0625342e28 method=com.android.dx.ssa.SetFactory.makeLivenessSet(I)Lcom/android/dx/util/IntSet; @ 4

Internal exceptions (5 events):
Event: 0.050 Thread 0x00007f063400a000 Exception <a 'java/lang/NoSuchMethodError': Method sun.misc.Unsafe.defineClass(Ljava/lang/String;[BII)Ljava/lang/Class; name or signature does not match> (0x00000000eab07cc0) thrown at [/HUDSON3/workspace/8-2-build-linux-amd64/jdk8u101/7261/hotspot/src/sh
Event: 0.051 Thread 0x00007f063400a000 Exception <a 'java/lang/NoSuchMethodError': Method sun.misc.Unsafe.prefetchRead(Ljava/lang/Object;J)V name or signature does not match> (0x00000000eab07fa8) thrown at [/HUDSON3/workspace/8-2-build-linux-amd64/jdk8u101/7261/hotspot/src/share/vm/prims/jni.c
Event: 5.912 Thread 0x00007f063413d800 Exception <a 'java/lang/ArrayIndexOutOfBoundsException': 18> (0x00000000ec4fae60) thrown at [/HUDSON3/workspace/8-2-build-linux-amd64/jdk8u101/7261/hotspot/src/share/vm/interpreter/interpreterRuntime.cpp, line 366]
Event: 5.912 Thread 0x00007f063413d800 Exception <a 'java/lang/ArrayIndexOutOfBoundsException': 145> (0x00000000ec4fc9e0) thrown at [/HUDSON3/workspace/8-2-build-linux-amd64/jdk8u101/7261/hotspot/src/share/vm/interpreter/interpreterRuntime.cpp, line 366]
Event: 5.918 Thread 0x00007f063413d800 Exception <a 'java/lang/ArrayIndexOutOfBoundsException': 40> (0x00000000ec4fdcc8) thrown at [/HUDSON3/workspace/8-2-build-linux-amd64/jdk8u101/7261/hotspot/src/share/vm/interpreter/interpreterRuntime.cpp, line 366]

Events (10 events):
Event: 37.750 Thread 0x00007f063413f000 DEOPT UNPACKING pc=0x00007f0625047233 sp=0x00007f0621c34d08 mode 0
Event: 37.753 Thread 0x00007f063413f000 DEOPT PACKING pc=0x00007f06251b8d34 sp=0x00007f0621c34fc0
Event: 37.754 Thread 0x00007f063413f000 DEOPT UNPACKING pc=0x00007f0625047233 sp=0x00007f0621c34d08 mode 0
Event: 37.763 Thread 0x00007f063413f000 DEOPT PACKING pc=0x00007f06254a9724 sp=0x00007f0621c35090
Event: 37.763 Thread 0x00007f063413f000 DEOPT UNPACKING pc=0x00007f0625047233 sp=0x00007f0621c34e48 mode 0
Event: 37.850 Thread 0x00007f063413d800 DEOPT PACKING pc=0x00007f06254acd22 sp=0x00007f0621d36050
Event: 37.850 Thread 0x00007f063413d800 DEOPT UNPACKING pc=0x00007f0625047233 sp=0x00007f0621d35e38 mode 0
Event: 38.004 Thread 0x00007f063413d800 DEOPT PACKING pc=0x00007f06254ae59d sp=0x00007f0621d35f90
Event: 38.005 Thread 0x00007f063413d800 DEOPT UNPACKING pc=0x00007f0625047233 sp=0x00007f0621d35d20 mode 0
Event: 38.022 Executing VM operation: ParallelGCFailedAllocation


Dynamic libraries:
00400000-00401000 r-xp 00000000 08:02 15368989                           /usr/lib/jvm/java-8-oracle/bin/java
00600000-00601000 rw-p 00000000 08:02 15368989                           /usr/lib/jvm/java-8-oracle/bin/java
008ef000-00931000 rw-p 00000000 00:00 0                                  [heap]
c0000000-cb600000 rw-p 00000000 00:00 0 
cfb80000-eab00000 ---p 00000000 00:00 0 
eab00000-fac80000 rw-p 00000000 00:00 0 
fac80000-100000000 ---p 00000000 00:00 0 
100000000-1000c0000 rw-p 00000000 00:00 0 
1000c0000-140000000 ---p 00000000 00:00 0 
7f05e8000000-7f05e8049000 rw-p 00000000 00:00 0 
7f05e8049000-7f05ec000000 ---p 00000000 00:00 0 
7f05ec000000-7f05ec021000 rw-p 00000000 00:00 0 
7f05ec021000-7f05f0000000 ---p 00000000 00:00 0 
7f05f0000000-7f05f0034000 rw-p 00000000 00:00 0 
7f05f0034000-7f05f4000000 ---p 00000000 00:00 0 
7f05f4000000-7f05f4021000 rw-p 00000000 00:00 0 
7f05f4021000-7f05f8000000 ---p 00000000 00:00 0 
7f05f8000000-7f05f8021000 rw-p 00000000 00:00 0 
7f05f8021000-7f05fc000000 ---p 00000000 00:00 0 
7f05fc000000-7f05fc832000 rw-p 00000000 00:00 0 
7f05fc832000-7f0600000000 ---p 00000000 00:00 0 
7f0600000000-7f0600021000 rw-p 00000000 00:00 0 
7f0600021000-7f0604000000 ---p 00000000 00:00 0 
7f0604000000-7f0604021000 rw-p 00000000 00:00 0 
7f0604021000-7f0608000000 ---p 00000000 00:00 0 
7f0608000000-7f0609469000 rw-p 00000000 00:00 0 
7f0609469000-7f060c000000 ---p 00000000 00:00 0 
7f060c000000-7f060c021000 rw-p 00000000 00:00 0 
7f060c021000-7f0610000000 ---p 00000000 00:00 0 
7f0610000000-7f0610021000 rw-p 00000000 00:00 0 
7f0610021000-7f0614000000 ---p 00000000 00:00 0 
7f0614000000-7f0614021000 rw-p 00000000 00:00 0 
7f0614021000-7f0618000000 ---p 00000000 00:00 0 
7f0618000000-7f061829a000 rw-p 00000000 00:00 0 
7f061829a000-7f061c000000 ---p 00000000 00:00 0 
7f061c000000-7f061c021000 rw-p 00000000 00:00 0 
7f061c021000-7f0620000000 ---p 00000000 00:00 0 
7f0621a35000-7f0621a38000 ---p 00000000 00:00 0 
7f0621a38000-7f0621b36000 rw-p 00000000 00:00 0 
7f0621b36000-7f0621b39000 ---p 00000000 00:00 0 
7f0621b39000-7f0621c37000 rw-p 00000000 00:00 0 
7f0621c37000-7f0621c3a000 ---p 00000000 00:00 0 
7f0621c3a000-7f0621d38000 rw-p 00000000 00:00 0 
7f0621d38000-7f0621d3b000 ---p 00000000 00:00 0 
7f0621d3b000-7f0621e39000 rw-p 00000000 00:00 0 
7f0621e39000-7f0621e3c000 ---p 00000000 00:00 0 
7f0621e3c000-7f0621f3a000 rw-p 00000000 00:00 0 
7f0621f3a000-7f0621f3b000 ---p 00000000 00:00 0 
7f0621f3b000-7f062203b000 rw-p 00000000 00:00 0 
7f062203b000-7f062203e000 ---p 00000000 00:00 0 
7f062203e000-7f062213c000 rw-p 00000000 00:00 0 
7f062213c000-7f062213f000 ---p 00000000 00:00 0 
7f062213f000-7f062223d000 rw-p 00000000 00:00 0 
7f062223d000-7f0622240000 ---p 00000000 00:00 0 
7f0622240000-7f062233e000 rw-p 00000000 00:00 0 
7f062233e000-7f0622341000 ---p 00000000 00:00 0 
7f0622341000-7f062243f000 rw-p 00000000 00:00 0 
7f062243f000-7f0622dfe000 r--p 00000000 08:02 14715783                   /usr/lib/locale/locale-archive
7f0622dfe000-7f0622e01000 ---p 00000000 00:00 0 
7f0622e01000-7f0622eff000 rw-p 00000000 00:00 0 
7f0622eff000-7f0622f02000 ---p 00000000 00:00 0 
7f0622f02000-7f0625000000 rw-p 00000000 00:00 0 
7f0625000000-7f06255b0000 rwxp 00000000 00:00 0 
7f06255b0000-7f0634000000 ---p 00000000 00:00 0 
7f0634000000-7f063438b000 rw-p 00000000 00:00 0 
7f063438b000-7f0638000000 ---p 00000000 00:00 0 
7f0638037000-7f063803e000 r--s 00000000 08:02 14974115                   /usr/lib/x86_64-linux-gnu/gconv/gconv-modules.cache
7f063803e000-7f0638063000 r--p 00000000 08:02 16551027                   /usr/share/locale-langpack/es/LC_MESSAGES/libc.mo
7f0638063000-7f0638074000 r--s 000bc000 08:02 1313315                    /home/julio/AndroidStudioProjects/HolaMundo2/app/build/intermediates/exploded-aar/com.google.android.gms/play-services-ads/9.4.0/jars/classes.jar
7f0638074000-7f0638075000 ---p 00000000 00:00 0 
7f0638075000-7f0638aee000 rw-p 00000000 00:00 0 
7f0638aee000-7f0638cc7000 r--s 03d29000 08:02 15635103                   /usr/lib/jvm/java-8-oracle/jre/lib/rt.jar
7f0638cc7000-7f063937d000 rw-p 00000000 00:00 0 
7f063937d000-7f063953d000 ---p 00000000 00:00 0 
7f063953d000-7f063973d000 rw-p 00000000 00:00 0 
7f063973d000-7f063973e000 ---p 00000000 00:00 0 
7f063973e000-7f063983e000 rw-p 00000000 00:00 0 
7f063983e000-7f063983f000 ---p 00000000 00:00 0 
7f063983f000-7f063999a000 rw-p 00000000 00:00 0 
7f063999a000-7f0639a95000 ---p 00000000 00:00 0 
7f0639a95000-7f0639af0000 rw-p 00000000 00:00 0 
7f0639af0000-7f0639bea000 ---p 00000000 00:00 0 
7f0639bea000-7f0639c6c000 rw-p 00000000 00:00 0 
7f0639c6c000-7f0639c95000 ---p 00000000 00:00 0 
7f0639c95000-7f0639cad000 rw-p 00000000 00:00 0 
7f0639cad000-7f063a056000 ---p 00000000 00:00 0 
7f063a056000-7f063a070000 r-xp 00000000 08:02 16558411                   /usr/lib/jvm/java-8-oracle/jre/lib/amd64/libzip.so
7f063a070000-7f063a270000 ---p 0001a000 08:02 16558411                   /usr/lib/jvm/java-8-oracle/jre/lib/amd64/libzip.so
7f063a270000-7f063a271000 rw-p 0001a000 08:02 16558411                   /usr/lib/jvm/java-8-oracle/jre/lib/amd64/libzip.so
7f063a271000-7f063a27c000 r-xp 00000000 08:02 7621579                    /lib/x86_64-linux-gnu/libnss_files-2.23.so
7f063a27c000-7f063a47b000 ---p 0000b000 08:02 7621579                    /lib/x86_64-linux-gnu/libnss_files-2.23.so
7f063a47b000-7f063a47c000 r--p 0000a000 08:02 7621579                    /lib/x86_64-linux-gnu/libnss_files-2.23.so
7f063a47c000-7f063a47d000 rw-p 0000b000 08:02 7621579                    /lib/x86_64-linux-gnu/libnss_files-2.23.so
7f063a47d000-7f063a483000 rw-p 00000000 00:00 0 
7f063a483000-7f063a48e000 r-xp 00000000 08:02 7621589                    /lib/x86_64-linux-gnu/libnss_nis-2.23.so
7f063a48e000-7f063a68d000 ---p 0000b000 08:02 7621589                    /lib/x86_64-linux-gnu/libnss_nis-2.23.so
7f063a68d000-7f063a68e000 r--p 0000a000 08:02 7621589                    /lib/x86_64-linux-gnu/libnss_nis-2.23.so
7f063a68e000-7f063a68f000 rw-p 0000b000 08:02 7621589                    /lib/x86_64-linux-gnu/libnss_nis-2.23.so
7f063a68f000-7f063a6a5000 r-xp 00000000 08:02 7621573                    /lib/x86_64-linux-gnu/libnsl-2.23.so
7f063a6a5000-7f063a8a4000 ---p 00016000 08:02 7621573                    /lib/x86_64-linux-gnu/libnsl-2.23.so
7f063a8a4000-7f063a8a5000 r--p 00015000 08:02 7621573                    /lib/x86_64-linux-gnu/libnsl-2.23.so
7f063a8a5000-7f063a8a6000 rw-p 00016000 08:02 7621573                    /lib/x86_64-linux-gnu/libnsl-2.23.so
7f063a8a6000-7f063a8a8000 rw-p 00000000 00:00 0 
7f063a8a8000-7f063a8b0000 r-xp 00000000 08:02 7621575                    /lib/x86_64-linux-gnu/libnss_compat-2.23.so
7f063a8b0000-7f063aaaf000 ---p 00008000 08:02 7621575                    /lib/x86_64-linux-gnu/libnss_compat-2.23.so
7f063aaaf000-7f063aab0000 r--p 00007000 08:02 7621575                    /lib/x86_64-linux-gnu/libnss_compat-2.23.so
7f063aab0000-7f063aab1000 rw-p 00008000 08:02 7621575                    /lib/x86_64-linux-gnu/libnss_compat-2.23.so
7f063aab1000-7f063aadb000 r-xp 00000000 08:02 16558437                   /usr/lib/jvm/java-8-oracle/jre/lib/amd64/libjava.so
7f063aadb000-7f063acdb000 ---p 0002a000 08:02 16558437                   /usr/lib/jvm/java-8-oracle/jre/lib/amd64/libjava.so
7f063acdb000-7f063acdd000 rw-p 0002a000 08:02 16558437                   /usr/lib/jvm/java-8-oracle/jre/lib/amd64/libjava.so
7f063acdd000-7f063acea000 r-xp 00000000 08:02 16558391                   /usr/lib/jvm/java-8-oracle/jre/lib/amd64/libverify.so
7f063acea000-7f063aeea000 ---p 0000d000 08:02 16558391                   /usr/lib/jvm/java-8-oracle/jre/lib/amd64/libverify.so
7f063aeea000-7f063aeec000 rw-p 0000d000 08:02 16558391                   /usr/lib/jvm/java-8-oracle/jre/lib/amd64/libverify.so
7f063aeec000-7f063aef3000 r-xp 00000000 08:02 7621634                    /lib/x86_64-linux-gnu/librt-2.23.so
7f063aef3000-7f063b0f2000 ---p 00007000 08:02 7621634                    /lib/x86_64-linux-gnu/librt-2.23.so
7f063b0f2000-7f063b0f3000 r--p 00006000 08:02 7621634                    /lib/x86_64-linux-gnu/librt-2.23.so
7f063b0f3000-7f063b0f4000 rw-p 00007000 08:02 7621634                    /lib/x86_64-linux-gnu/librt-2.23.so
7f063b0f4000-7f063b1fc000 r-xp 00000000 08:02 7621550                    /lib/x86_64-linux-gnu/libm-2.23.so
7f063b1fc000-7f063b3fb000 ---p 00108000 08:02 7621550                    /lib/x86_64-linux-gnu/libm-2.23.so
7f063b3fb000-7f063b3fc000 r--p 00107000 08:02 7621550                    /lib/x86_64-linux-gnu/libm-2.23.so
7f063b3fc000-7f063b3fd000 rw-p 00108000 08:02 7621550                    /lib/x86_64-linux-gnu/libm-2.23.so
7f063b3fd000-7f063c0c8000 r-xp 00000000 08:02 16558441                   /usr/lib/jvm/java-8-oracle/jre/lib/amd64/server/libjvm.so
7f063c0c8000-7f063c2c7000 ---p 00ccb000 08:02 16558441                   /usr/lib/jvm/java-8-oracle/jre/lib/amd64/server/libjvm.so
7f063c2c7000-7f063c3a0000 rw-p 00cca000 08:02 16558441                   /usr/lib/jvm/java-8-oracle/jre/lib/amd64/server/libjvm.so
7f063c3a0000-7f063c3eb000 rw-p 00000000 00:00 0 
7f063c3eb000-7f063c5ab000 r-xp 00000000 08:02 7621480                    /lib/x86_64-linux-gnu/libc-2.23.so
7f063c5ab000-7f063c7aa000 ---p 001c0000 08:02 7621480                    /lib/x86_64-linux-gnu/libc-2.23.so
7f063c7aa000-7f063c7ae000 r--p 001bf000 08:02 7621480                    /lib/x86_64-linux-gnu/libc-2.23.so
7f063c7ae000-7f063c7b0000 rw-p 001c3000 08:02 7621480                    /lib/x86_64-linux-gnu/libc-2.23.so
7f063c7b0000-7f063c7b4000 rw-p 00000000 00:00 0 
7f063c7b4000-7f063c7b7000 r-xp 00000000 08:02 7621504                    /lib/x86_64-linux-gnu/libdl-2.23.so
7f063c7b7000-7f063c9b6000 ---p 00003000 08:02 7621504                    /lib/x86_64-linux-gnu/libdl-2.23.so
7f063c9b6000-7f063c9b7000 r--p 00002000 08:02 7621504                    /lib/x86_64-linux-gnu/libdl-2.23.so
7f063c9b7000-7f063c9b8000 rw-p 00003000 08:02 7621504                    /lib/x86_64-linux-gnu/libdl-2.23.so
7f063c9b8000-7f063c9cd000 r-xp 00000000 08:02 16301575                   /usr/lib/jvm/java-8-oracle/lib/amd64/jli/libjli.so
7f063c9cd000-7f063cbcd000 ---p 00015000 08:02 16301575                   /usr/lib/jvm/java-8-oracle/lib/amd64/jli/libjli.so
7f063cbcd000-7f063cbce000 rw-p 00015000 08:02 16301575                   /usr/lib/jvm/java-8-oracle/lib/amd64/jli/libjli.so
7f063cbce000-7f063cbe6000 r-xp 00000000 08:02 7621626                    /lib/x86_64-linux-gnu/libpthread-2.23.so
7f063cbe6000-7f063cde5000 ---p 00018000 08:02 7621626                    /lib/x86_64-linux-gnu/libpthread-2.23.so
7f063cde5000-7f063cde6000 r--p 00017000 08:02 7621626                    /lib/x86_64-linux-gnu/libpthread-2.23.so
7f063cde6000-7f063cde7000 rw-p 00018000 08:02 7621626                    /lib/x86_64-linux-gnu/libpthread-2.23.so
7f063cde7000-7f063cdeb000 rw-p 00000000 00:00 0 
7f063cdeb000-7f063ce11000 r-xp 00000000 08:02 7621452                    /lib/x86_64-linux-gnu/ld-2.23.so
7f063ce13000-7f063ceec000 rw-p 00000000 00:00 0 
7f063ceec000-7f063ceef000 ---p 00000000 00:00 0 
7f063ceef000-7f063cff1000 rw-p 00000000 00:00 0 
7f063cff6000-7f063d004000 r--s 000e0000 08:02 28373766                   /home/julio/Android/Sdk/build-tools/24.0.2/lib/dx.jar
7f063d004000-7f063d00c000 rw-s 00000000 08:02 23901775                   /tmp/hsperfdata_julio/13511
7f063d00c000-7f063d00d000 rw-p 00000000 00:00 0 
7f063d00d000-7f063d00e000 ---p 00000000 00:00 0 
7f063d00e000-7f063d010000 rw-p 00000000 00:00 0 
7f063d010000-7f063d011000 r--p 00025000 08:02 7621452                    /lib/x86_64-linux-gnu/ld-2.23.so
7f063d011000-7f063d012000 rw-p 00026000 08:02 7621452                    /lib/x86_64-linux-gnu/ld-2.23.so
7f063d012000-7f063d013000 rw-p 00000000 00:00 0 
7ffd6b842000-7ffd6b864000 rw-p 00000000 00:00 0                          [stack]
7ffd6b938000-7ffd6b93a000 r--p 00000000 00:00 0                          [vvar]
7ffd6b93a000-7ffd6b93c000 r-xp 00000000 00:00 0                          [vdso]
ffffffffff600000-ffffffffff601000 r-xp 00000000 00:00 0                  [vsyscall]

VM Arguments:
jvm_args: -Djava.awt.headless=true -Xmx1024M -Dfile.encoding=UTF-8 -Duser.country=MX -Duser.language=es -Duser.variant 
java_command: com.android.dx.command.Main --dex --force-jumbo --num-threads=4 --multi-dex --output /home/julio/AndroidStudioProjects/HolaMundo2/app/build/intermediates/transforms/dex/debug/folders/1000/10/com.google.android.gms-play-services-ads-9.4.0_e8d6f881f8462d57c249393e2d6b7ccdea6dde2a /home/julio/AndroidStudioProjects/HolaMundo2/app/build/intermediates/exploded-aar/com.google.android.gms/play-services-ads/9.4.0/jars/classes.jar
java_class_path (initial): /home/julio/Android/Sdk/build-tools/24.0.2/lib/dx.jar
Launcher Type: SUN_STANDARD

Environment Variables:
PATH=/home/julio/bin:/home/julio/.local/bin:/usr/local/sbin:/usr/local/bin:/usr/sbin:/usr/bin:/sbin:/bin:/usr/games:/usr/local/games:/snap/bin
LD_LIBRARY_PATH=/home/julio/android-studio/bin:
SHELL=/bin/bash
DISPLAY=:0

Signal Handlers:
SIGSEGV: [libjvm.so+0xac4790], sa_mask[0]=11111111011111111101111111111110, sa_flags=SA_RESTART|SA_SIGINFO
SIGBUS: [libjvm.so+0xac4790], sa_mask[0]=11111111011111111101111111111110, sa_flags=SA_RESTART|SA_SIGINFO
SIGFPE: [libjvm.so+0x91f140], sa_mask[0]=11111111011111111101111111111110, sa_flags=SA_RESTART|SA_SIGINFO
SIGPIPE: [libjvm.so+0x91f140], sa_mask[0]=11111111011111111101111111111110, sa_flags=SA_RESTART|SA_SIGINFO
SIGXFSZ: [libjvm.so+0x91f140], sa_mask[0]=11111111011111111101111111111110, sa_flags=SA_RESTART|SA_SIGINFO
SIGILL: [libjvm.so+0x91f140], sa_mask[0]=11111111011111111101111111111110, sa_flags=SA_RESTART|SA_SIGINFO
SIGUSR1: SIG_DFL, sa_mask[0]=00000000000000000000000000000000, sa_flags=none
SIGUSR2: [libjvm.so+0x920770], sa_mask[0]=00100000000000000000000000000000, sa_flags=SA_RESTART|SA_SIGINFO
SIGHUP: [libjvm.so+0x921b70], sa_mask[0]=11111111011111111101111111111110, sa_flags=SA_RESTART|SA_SIGINFO
SIGINT: [libjvm.so+0x921b70], sa_mask[0]=11111111011111111101111111111110, sa_flags=SA_RESTART|SA_SIGINFO
SIGTERM: [libjvm.so+0x921b70], sa_mask[0]=11111111011111111101111111111110, sa_flags=SA_RESTART|SA_SIGINFO
SIGQUIT: [libjvm.so+0x921b70], sa_mask[0]=11111111011111111101111111111110, sa_flags=SA_RESTART|SA_SIGINFO


---------------  S Y S T E M  ---------------

OS:DISTRIB_ID=Ubuntu
DISTRIB_RELEASE=16.04
DISTRIB_CODENAME=xenial
DISTRIB_DESCRIPTION="Ubuntu 16.04.1 LTS"

uname:Linux 4.4.0-38-generic #57-Ubuntu SMP Tue Sep 6 15:42:33 UTC 2016 x86_64
libc:glibc 2.23 NPTL 2.23 
rlimit: STACK 8192k, CORE 0k, NPROC 7219, NOFILE 65536, AS infinity
load average:8.19 4.46 2.06

/proc/meminfo:
MemTotal:        1927304 kB
MemFree:           69584 kB
MemAvailable:      17516 kB
Buffers:             872 kB
Cached:            57632 kB
SwapCached:         1636 kB
Active:          1286232 kB
Inactive:         440176 kB
Active(anon):    1279936 kB
Inactive(anon):   430760 kB
Active(file):       6296 kB
Inactive(file):     9416 kB
Unevictable:           0 kB
Mlocked:               0 kB
SwapTotal:       1975292 kB
SwapFree:             72 kB
Dirty:               140 kB
Writeback:             0 kB
AnonPages:       1666432 kB
Mapped:            11512 kB
Shmem:             42624 kB
Slab:              60816 kB
SReclaimable:      29936 kB
SUnreclaim:        30880 kB
KernelStack:        8720 kB
PageTables:        35516 kB
NFS_Unstable:          0 kB
Bounce:                0 kB
WritebackTmp:          0 kB
CommitLimit:     2938944 kB
Committed_AS:    6737592 kB
VmallocTotal:   34359738367 kB
VmallocUsed:           0 kB
VmallocChunk:          0 kB
HardwareCorrupted:     0 kB
AnonHugePages:    845824 kB
CmaTotal:              0 kB
CmaFree:               0 kB
HugePages_Total:       0
HugePages_Free:        0
HugePages_Rsvd:        0
HugePages_Surp:        0
Hugepagesize:       2048 kB
DirectMap4k:      114880 kB
DirectMap2M:     1861632 kB


CPU:total 2 (2 cores per cpu, 1 threads per core) family 6 model 55 stepping 8, cmov, cx8, fxsr, mmx, sse, sse2, sse3, ssse3, sse4.1, sse4.2, popcnt, clmul, erms, 3dnowpref, tsc, tscinvbit

/proc/cpuinfo:
processor	: 0
vendor_id	: GenuineIntel
cpu family	: 6
model		: 55
model name	: Intel(R) Celeron(R) CPU  N2840  @ 2.16GHz
stepping	: 8
microcode	: 0x829
cpu MHz		: 2582.293
cache size	: 1024 KB
physical id	: 0
siblings	: 2
core id		: 0
cpu cores	: 2
apicid		: 0
initial apicid	: 0
fpu		: yes
fpu_exception	: yes
cpuid level	: 11
wp		: yes
flags		: fpu vme de pse tsc msr pae mce cx8 apic sep mtrr pge mca cmov pat pse36 clflush dts acpi mmx fxsr sse sse2 ss ht tm pbe syscall nx rdtscp lm constant_tsc arch_perfmon pebs bts rep_good nopl xtopology nonstop_tsc aperfmperf pni pclmulqdq dtes64 monitor ds_cpl vmx est tm2 ssse3 cx16 xtpr pdcm sse4_1 sse4_2 movbe popcnt tsc_deadline_timer rdrand lahf_lm 3dnowprefetch epb tpr_shadow vnmi flexpriority ept vpid tsc_adjust smep erms dtherm ida arat
bugs		:
bogomips	: 4326.40
clflush size	: 64
cache_alignment	: 64
address sizes	: 36 bits physical, 48 bits virtual
power management:

processor	: 1
vendor_id	: GenuineIntel
cpu family	: 6
model		: 55
model name	: Intel(R) Celeron(R) CPU  N2840  @ 2.16GHz
stepping	: 8
microcode	: 0x829
cpu MHz		: 2583.985
cache size	: 1024 KB
physical id	: 0
siblings	: 2
core id		: 1
cpu cores	: 2
apicid		: 2
initial apicid	: 2
fpu		: yes
fpu_exception	: yes
cpuid level	: 11
wp		: yes
flags		: fpu vme de pse tsc msr pae mce cx8 apic sep mtrr pge mca cmov pat pse36 clflush dts acpi mmx fxsr sse sse2 ss ht tm pbe syscall nx rdtscp lm constant_tsc arch_perfmon pebs bts rep_good nopl xtopology nonstop_tsc aperfmperf pni pclmulqdq dtes64 monitor ds_cpl vmx est tm2 ssse3 cx16 xtpr pdcm sse4_1 sse4_2 movbe popcnt tsc_deadline_timer rdrand lahf_lm 3dnowprefetch epb tpr_shadow vnmi flexpriority ept vpid tsc_adjust smep erms dtherm ida arat
bugs		:
bogomips	: 4326.40
clflush size	: 64
cache_alignment	: 64
address sizes	: 36 bits physical, 48 bits virtual
power management:



Memory: 4k page, physical 1927304k(69584k free), swap 1975292k(72k free)

vm_info: Java HotSpot(TM) 64-Bit Server VM (25.101-b13) for linux-amd64 JRE (1.8.0_101-b13), built on Jun 22 2016 02:59:44 by "java_re" with gcc 4.3.0 20080428 (Red Hat 4.3.0-8)

time: Sun Oct 30 09:59:46 2016
elapsed time: 45 seconds (0d 0h 0m 45s)

