#
# There is insufficient memory for the Java Runtime Environment to continue.
# Native memory allocation (mmap) failed to map 71303168 bytes for committing reserved memory.
# Possible reasons:
#   The system is out of physical RAM or swap space
#   In 32 bit mode, the process size limit was hit
# Possible solutions:
#   Reduce memory load on the system
#   Increase physical memory or swap space
#   Check if swap backing store is full
#   Use 64 bit Java on a 64 bit OS
#   Decrease Java heap size (-Xmx/-Xms)
#   Decrease number of Java threads
#   Decrease Java thread stack sizes (-Xss)
#   Set larger code cache with -XX:ReservedCodeCacheSize=
# This output file may be truncated or incomplete.
#
#  Out of Memory Error (os_linux.cpp:2627), pid=19031, tid=0x00007f1970b7c700
#
# JRE version: Java(TM) SE Runtime Environment (8.0_101-b13) (build 1.8.0_101-b13)
# Java VM: Java HotSpot(TM) 64-Bit Server VM (25.101-b13 mixed mode linux-amd64 compressed oops)
# Failed to write core dump. Core dumps have been disabled. To enable core dumping, try "ulimit -c unlimited" before starting Java again
#

---------------  T H R E A D  ---------------

Current thread (0x00007f1984073800):  VMThread [stack: 0x00007f1970a7c000,0x00007f1970b7d000] [id=19043]

Stack: [0x00007f1970a7c000,0x00007f1970b7d000],  sp=0x00007f1970b7b120,  free space=1020k
Native frames: (J=compiled Java code, j=interpreted, Vv=VM code, C=native code)
V  [libjvm.so+0xac3f0a]  VMError::report_and_die()+0x2ba
V  [libjvm.so+0x4fbf9b]  report_vm_out_of_memory(char const*, int, unsigned long, VMErrorType, char const*)+0x8b
V  [libjvm.so+0x9222d3]  os::Linux::commit_memory_impl(char*, unsigned long, bool)+0x103
V  [libjvm.so+0x922829]  os::pd_commit_memory(char*, unsigned long, unsigned long, bool)+0x29
V  [libjvm.so+0x91cb2a]  os::commit_memory(char*, unsigned long, unsigned long, bool)+0x2a
V  [libjvm.so+0x991053]  PSVirtualSpace::expand_by(unsigned long)+0x53
V  [libjvm.so+0x981920]  PSOldGen::expand(unsigned long)+0x170
V  [libjvm.so+0x981b2b]  PSOldGen::resize(unsigned long)+0x1cb
V  [libjvm.so+0x989821]  PSParallelCompact::invoke_no_policy(bool)+0x991
V  [libjvm.so+0x98f17d]  PSScavenge::invoke()+0x1ad
V  [libjvm.so+0x945fc0]  ParallelScavengeHeap::failed_mem_allocate(unsigned long)+0x70
V  [libjvm.so+0xac5927]  VM_ParallelGCFailedAllocation::doit()+0x97
V  [libjvm.so+0xacd405]  VM_Operation::evaluate()+0x55
V  [libjvm.so+0xacb7da]  VMThread::evaluate_operation(VM_Operation*)+0xba
V  [libjvm.so+0xacbb5e]  VMThread::loop()+0x1ce
V  [libjvm.so+0xacbfd0]  VMThread::run()+0x70
V  [libjvm.so+0x924698]  java_start(Thread*)+0x108

VM_Operation (0x00007f197015fa60): ParallelGCFailedAllocation, mode: safepoint, requested by thread 0x00007f198414d800


---------------  P R O C E S S  ---------------

Java Threads: ( => current thread )
  0x00007f1984153800 JavaThread "pool-2-thread-4" [_thread_blocked, id=19060, stack(0x00007f196343f000,0x00007f1963540000)]
  0x00007f198414f000 JavaThread "pool-2-thread-3" [_thread_blocked, id=19059, stack(0x00007f1963540000,0x00007f1963641000)]
  0x00007f198414d800 JavaThread "pool-2-thread-2" [_thread_blocked, id=19058, stack(0x00007f1970061000,0x00007f1970162000)]
  0x00007f198414c800 JavaThread "pool-3-thread-1" [_thread_blocked, id=19057, stack(0x00007f1970162000,0x00007f1970263000)]
  0x00007f198414a000 JavaThread "pool-2-thread-1" [_thread_blocked, id=19056, stack(0x00007f1970263000,0x00007f1970364000)]
  0x00007f19840c4000 JavaThread "Service Thread" daemon [_thread_blocked, id=19049, stack(0x00007f1970476000,0x00007f1970577000)]
  0x00007f19840b7800 JavaThread "C1 CompilerThread1" daemon [_thread_blocked, id=19048, stack(0x00007f1970577000,0x00007f1970678000)]
  0x00007f19840b4800 JavaThread "C2 CompilerThread0" daemon [_thread_blocked, id=19047, stack(0x00007f1970678000,0x00007f1970779000)]
  0x00007f19840b3000 JavaThread "Signal Dispatcher" daemon [_thread_blocked, id=19046, stack(0x00007f1970779000,0x00007f197087a000)]
  0x00007f1984080000 JavaThread "Finalizer" daemon [_thread_blocked, id=19045, stack(0x00007f197087a000,0x00007f197097b000)]
  0x00007f198407b800 JavaThread "Reference Handler" daemon [_thread_blocked, id=19044, stack(0x00007f197097b000,0x00007f1970a7c000)]
  0x00007f198400a000 JavaThread "main" [_thread_blocked, id=19033, stack(0x00007f198a8fe000,0x00007f198a9ff000)]

Other Threads:
=>0x00007f1984073800 VMThread [stack: 0x00007f1970a7c000,0x00007f1970b7d000] [id=19043]
  0x00007f19840c7000 WatcherThread [stack: 0x00007f1970375000,0x00007f1970476000] [id=19050]

VM state:at safepoint (normal execution)

VM Mutex/Monitor currently owned by a thread:  ([mutex/lock_event])
[0x00007f1984005ef0] ExpandHeap_lock - owner thread: 0x00007f1984073800
[0x00007f1984006570] Threads_lock - owner thread: 0x00007f1984073800
[0x00007f1984006a70] Heap_lock - owner thread: 0x00007f198414d800

Heap:
 PSYoungGen      total 158208K, used 0K [0x00000000eab00000, 0x00000000fad00000, 0x0000000100000000)
  eden space 102400K, 0% used [0x00000000eab00000,0x00000000eab00000,0x00000000f0f00000)
  from space 55808K, 0% used [0x00000000f0f00000,0x00000000f0f00000,0x00000000f4580000)
  to   space 60416K, 15% used [0x00000000f7200000,0x00000000f7b38c60,0x00000000fad00000)
 ParOldGen       total 177664K, used 177662K [0x00000000c0000000, 0x00000000cad80000, 0x00000000eab00000)
  object space 177664K, 99% used [0x00000000c0000000,0x00000000cad7f820,0x00000000cad80000)
 Metaspace       used 6425K, capacity 7256K, committed 7424K, reserved 1056768K
  class space    used 612K, capacity 656K, committed 768K, reserved 1048576K

Card table byte_map: [0x00007f1974406000,0x00007f1974607000] byte_map_base: 0x00007f1973e06000

Marking Bits: (ParMarkBitMap*) 0x00007f1989dd0120
 Begin Bits: [0x00007f19720ae000, 0x00007f19730ae000)
 End Bits:   [0x00007f19730ae000, 0x00007f19740ae000)

Polling page: 0x00007f198aa1f000

CodeCache: size=245760Kb used=7886Kb max_used=7886Kb free=237873Kb
 bounds [0x00007f19749c7000, 0x00007f1975187000, 0x00007f19839c7000]
 total_blobs=2268 nmethods=2001 adapters=181
 compilation: enabled

Compilation events (10 events):
Event: 47.204 Thread 0x00007f19840b7800 2399       2       com.android.dx.util.BitIntSet::merge (148 bytes)
Event: 47.205 Thread 0x00007f19840b7800 nmethod 2399 0x00007f1975175250 code [0x00007f1975175460, 0x00007f19751759f8]
Event: 47.223 Thread 0x00007f19840b7800 2401 %     3       com.android.dx.ssa.back.FirstFitLocalCombiningAllocator::handleCheckCastResults @ 8 (413 bytes)
Event: 47.230 Thread 0x00007f19840b7800 nmethod 2401% 0x00007f1975175f50 code [0x00007f1975176500, 0x00007f197517a2e8]
Event: 47.263 Thread 0x00007f19840b7800 2403       2       com.android.dx.ssa.InterferenceRegisterMapper::addInterfence (62 bytes)
Event: 47.265 Thread 0x00007f19840b7800 nmethod 2403 0x00007f197517cc50 code [0x00007f197517ce60, 0x00007f197517d5e8]
Event: 47.265 Thread 0x00007f19840b7800 2404       2       com.android.dx.ssa.back.InterferenceGraph::mergeInterferenceSet (29 bytes)
Event: 47.279 Thread 0x00007f19840b7800 nmethod 2404 0x00007f197517ded0 code [0x00007f197517e060, 0x00007f197517e348]
Event: 47.279 Thread 0x00007f19840b7800 2402       2       com.android.dx.ssa.InterferenceRegisterMapper::interferes (78 bytes)
Event: 47.280 Thread 0x00007f19840b7800 nmethod 2402 0x00007f197517e610 code [0x00007f197517e7c0, 0x00007f197517eb88]

GC Heap History (10 events):
Event: 39.748 GC heap after
Heap after GC invocations=13 (full 2):
 PSYoungGen      total 138752K, used 17289K [0x00000000eab00000, 0x00000000f6780000, 0x0000000100000000)
  eden space 103424K, 0% used [0x00000000eab00000,0x00000000eab00000,0x00000000f1000000)
  from space 35328K, 48% used [0x00000000f1000000,0x00000000f20e2590,0x00000000f3280000)
  to   space 34816K, 0% used [0x00000000f4580000,0x00000000f4580000,0x00000000f6780000)
 ParOldGen       total 112128K, used 66967K [0x00000000c0000000, 0x00000000c6d80000, 0x00000000eab00000)
  object space 112128K, 59% used [0x00000000c0000000,0x00000000c4165d10,0x00000000c6d80000)
 Metaspace       used 6415K, capacity 7192K, committed 7424K, reserved 1056768K
  class space    used 611K, capacity 656K, committed 768K, reserved 1048576K
}
Event: 40.970 GC heap before
{Heap before GC invocations=14 (full 2):
 PSYoungGen      total 138752K, used 120713K [0x00000000eab00000, 0x00000000f6780000, 0x0000000100000000)
  eden space 103424K, 100% used [0x00000000eab00000,0x00000000f1000000,0x00000000f1000000)
  from space 35328K, 48% used [0x00000000f1000000,0x00000000f20e2590,0x00000000f3280000)
  to   space 34816K, 0% used [0x00000000f4580000,0x00000000f4580000,0x00000000f6780000)
 ParOldGen       total 112128K, used 66967K [0x00000000c0000000, 0x00000000c6d80000, 0x00000000eab00000)
  object space 112128K, 59% used [0x00000000c0000000,0x00000000c4165d10,0x00000000c6d80000)
 Metaspace       used 6424K, capacity 7256K, committed 7424K, reserved 1056768K
  class space    used 612K, capacity 656K, committed 768K, reserved 1048576K
Event: 45.296 GC heap after
Heap after GC invocations=14 (full 2):
 PSYoungGen      total 137216K, used 34790K [0x00000000eab00000, 0x00000000fa600000, 0x0000000100000000)
  eden space 102400K, 0% used [0x00000000eab00000,0x00000000eab00000,0x00000000f0f00000)
  from space 34816K, 99% used [0x00000000f4580000,0x00000000f6779bd8,0x00000000f6780000)
  to   space 55808K, 0% used [0x00000000f0f00000,0x00000000f0f00000,0x00000000f4580000)
 ParOldGen       total 112128K, used 108491K [0x00000000c0000000, 0x00000000c6d80000, 0x00000000eab00000)
  object space 112128K, 96% used [0x00000000c0000000,0x00000000c69f2e40,0x00000000c6d80000)
 Metaspace       used 6424K, capacity 7256K, committed 7424K, reserved 1056768K
  class space    used 612K, capacity 656K, committed 768K, reserved 1048576K
}
Event: 45.296 GC heap before
{Heap before GC invocations=15 (full 3):
 PSYoungGen      total 137216K, used 34790K [0x00000000eab00000, 0x00000000fa600000, 0x0000000100000000)
  eden space 102400K, 0% used [0x00000000eab00000,0x00000000eab00000,0x00000000f0f00000)
  from space 34816K, 99% used [0x00000000f4580000,0x00000000f6779bd8,0x00000000f6780000)
  to   space 55808K, 0% used [0x00000000f0f00000,0x00000000f0f00000,0x00000000f4580000)
 ParOldGen       total 112128K, used 108491K [0x00000000c0000000, 0x00000000c6d80000, 0x00000000eab00000)
  object space 112128K, 96% used [0x00000000c0000000,0x00000000c69f2e40,0x00000000c6d80000)
 Metaspace       used 6424K, capacity 7256K, committed 7424K, reserved 1056768K
  class space    used 612K, capacity 656K, committed 768K, reserved 1048576K
Event: 46.459 GC heap after
Heap after GC invocations=15 (full 3):
 PSYoungGen      total 137216K, used 24189K [0x00000000eab00000, 0x00000000fa600000, 0x0000000100000000)
  eden space 102400K, 0% used [0x00000000eab00000,0x00000000eab00000,0x00000000f0f00000)
  from space 34816K, 69% used [0x00000000f4580000,0x00000000f5d1f520,0x00000000f6780000)
  to   space 55808K, 0% used [0x00000000f0f00000,0x00000000f0f00000,0x00000000f4580000)
 ParOldGen       total 173056K, used 111690K [0x00000000c0000000, 0x00000000ca900000, 0x00000000eab00000)
  object space 173056K, 64% used [0x00000000c0000000,0x00000000c6d12ac8,0x00000000ca900000)
 Metaspace       used 6424K, capacity 7256K, committed 7424K, reserved 1056768K
  class space    used 612K, capacity 656K, committed 768K, reserved 1048576K
}
Event: 46.999 GC heap before
{Heap before GC invocations=16 (full 3):
 PSYoungGen      total 137216K, used 126494K [0x00000000eab00000, 0x00000000fa600000, 0x0000000100000000)
  eden space 102400K, 99% used [0x00000000eab00000,0x00000000f0ee84f0,0x00000000f0f00000)
  from space 34816K, 69% used [0x00000000f4580000,0x00000000f5d1f520,0x00000000f6780000)
  to   space 55808K, 0% used [0x00000000f0f00000,0x00000000f0f00000,0x00000000f4580000)
 ParOldGen       total 173056K, used 111690K [0x00000000c0000000, 0x00000000ca900000, 0x00000000eab00000)
  object space 173056K, 64% used [0x00000000c0000000,0x00000000c6d12ac8,0x00000000ca900000)
 Metaspace       used 6425K, capacity 7256K, committed 7424K, reserved 1056768K
  class space    used 612K, capacity 656K, committed 768K, reserved 1048576K
Event: 47.204 GC heap after
Heap after GC invocations=16 (full 3):
 PSYoungGen      total 158208K, used 40790K [0x00000000eab00000, 0x00000000fad00000, 0x0000000100000000)
  eden space 102400K, 0% used [0x00000000eab00000,0x00000000eab00000,0x00000000f0f00000)
  from space 55808K, 73% used [0x00000000f0f00000,0x00000000f36d5af0,0x00000000f4580000)
  to   space 60416K, 0% used [0x00000000f7200000,0x00000000f7200000,0x00000000fad00000)
 ParOldGen       total 173056K, used 136344K [0x00000000c0000000, 0x00000000ca900000, 0x00000000eab00000)
  object space 173056K, 78% used [0x00000000c0000000,0x00000000c8526158,0x00000000ca900000)
 Metaspace       used 6425K, capacity 7256K, committed 7424K, reserved 1056768K
  class space    used 612K, capacity 656K, committed 768K, reserved 1048576K
}
Event: 47.433 GC heap before
{Heap before GC invocations=17 (full 3):
 PSYoungGen      total 158208K, used 143190K [0x00000000eab00000, 0x00000000fad00000, 0x0000000100000000)
  eden space 102400K, 100% used [0x00000000eab00000,0x00000000f0f00000,0x00000000f0f00000)
  from space 55808K, 73% used [0x00000000f0f00000,0x00000000f36d5af0,0x00000000f4580000)
  to   space 60416K, 0% used [0x00000000f7200000,0x00000000f7200000,0x00000000fad00000)
 ParOldGen       total 173056K, used 136344K [0x00000000c0000000, 0x00000000ca900000, 0x00000000eab00000)
  object space 173056K, 78% used [0x00000000c0000000,0x00000000c8526158,0x00000000ca900000)
 Metaspace       used 6425K, capacity 7256K, committed 7424K, reserved 1056768K
  class space    used 612K, capacity 656K, committed 768K, reserved 1048576K
Event: 51.297 GC heap after
Heap after GC invocations=17 (full 3):
 PSYoungGen      total 158208K, used 143190K [0x00000000eab00000, 0x00000000fad00000, 0x0000000100000000)
  eden space 102400K, 100% used [0x00000000eab00000,0x00000000f0f00000,0x00000000f0f00000)
  from space 55808K, 73% used [0x00000000f0f00000,0x00000000f36d5af0,0x00000000f4580000)
  to   space 60416K, 88% used [0x00000000f7200000,0x00000000fa652430,0x00000000fad00000)
 ParOldGen       total 177664K, used 177154K [0x00000000c0000000, 0x00000000cad80000, 0x00000000eab00000)
  object space 177664K, 99% used [0x00000000c0000000,0x00000000cad008e0,0x00000000cad80000)
 Metaspace       used 6425K, capacity 7256K, committed 7424K, reserved 1056768K
  class space    used 612K, capacity 656K, committed 768K, reserved 1048576K
}
Event: 51.297 GC heap before
{Heap before GC invocations=18 (full 4):
 PSYoungGen      total 158208K, used 143190K [0x00000000eab00000, 0x00000000fad00000, 0x0000000100000000)
  eden space 102400K, 100% used [0x00000000eab00000,0x00000000f0f00000,0x00000000f0f00000)
  from space 55808K, 73% used [0x00000000f0f00000,0x00000000f36d5af0,0x00000000f4580000)
  to   space 60416K, 88% used [0x00000000f7200000,0x00000000fa652430,0x00000000fad00000)
 ParOldGen       total 177664K, used 177154K [0x00000000c0000000, 0x00000000cad80000, 0x00000000eab00000)
  object space 177664K, 99% used [0x00000000c0000000,0x00000000cad008e0,0x00000000cad80000)
 Metaspace       used 6425K, capacity 7256K, committed 7424K, reserved 1056768K
  class space    used 612K, capacity 656K, committed 768K, reserved 1048576K

Deoptimization events (10 events):
Event: 16.598 Thread 0x00007f198400a000 Uncommon trap: reason=bimorphic action=maybe_recompile pc=0x00007f1974f398cc method=com.android.dx.cf.code.BytecodeArray.parseInstruction(ILcom/android/dx/cf/code/BytecodeArray$Visitor;)I @ 1501
Event: 16.603 Thread 0x00007f198400a000 Uncommon trap: reason=bimorphic action=maybe_recompile pc=0x00007f1974f398cc method=com.android.dx.cf.code.BytecodeArray.parseInstruction(ILcom/android/dx/cf/code/BytecodeArray$Visitor;)I @ 1501
Event: 23.420 Thread 0x00007f198400a000 Uncommon trap: reason=bimorphic action=maybe_recompile pc=0x00007f1974f3a9ac method=com.android.dx.cf.code.BytecodeArray.parseInstruction(ILcom/android/dx/cf/code/BytecodeArray$Visitor;)I @ 1357
Event: 23.421 Thread 0x00007f198400a000 Uncommon trap: reason=bimorphic action=maybe_recompile pc=0x00007f1974f3a9ac method=com.android.dx.cf.code.BytecodeArray.parseInstruction(ILcom/android/dx/cf/code/BytecodeArray$Visitor;)I @ 1357
Event: 32.117 Thread 0x00007f198400a000 Uncommon trap: reason=class_check action=maybe_recompile pc=0x00007f1975136008 method=com.android.dx.cf.code.BytecodeArray.parseInstruction(ILcom/android/dx/cf/code/BytecodeArray$Visitor;)I @ 2002
Event: 32.118 Thread 0x00007f198400a000 Uncommon trap: reason=class_check action=maybe_recompile pc=0x00007f1975136008 method=com.android.dx.cf.code.BytecodeArray.parseInstruction(ILcom/android/dx/cf/code/BytecodeArray$Visitor;)I @ 2002
Event: 32.135 Thread 0x00007f198400a000 Uncommon trap: reason=class_check action=maybe_recompile pc=0x00007f1975136008 method=com.android.dx.cf.code.BytecodeArray.parseInstruction(ILcom/android/dx/cf/code/BytecodeArray$Visitor;)I @ 2002
Event: 32.135 Thread 0x00007f198400a000 Uncommon trap: reason=class_check action=maybe_recompile pc=0x00007f1975136008 method=com.android.dx.cf.code.BytecodeArray.parseInstruction(ILcom/android/dx/cf/code/BytecodeArray$Visitor;)I @ 2002
Event: 46.771 Thread 0x00007f1984153800 Uncommon trap: reason=unstable_if action=reinterpret pc=0x00007f1974cf017c method=com.android.dx.ssa.SetFactory.makeLivenessSet(I)Lcom/android/dx/util/IntSet; @ 4
Event: 46.773 Thread 0x00007f1984153800 Uncommon trap: reason=unstable_if action=reinterpret pc=0x00007f1974d0abdc method=com.android.dx.ssa.SetFactory.makeLivenessSet(I)Lcom/android/dx/util/IntSet; @ 4

Internal exceptions (5 events):
Event: 0.079 Thread 0x00007f198400a000 Exception <a 'java/lang/NoSuchMethodError': Method sun.misc.Unsafe.defineClass(Ljava/lang/String;[BII)Ljava/lang/Class; name or signature does not match> (0x00000000eab07cc0) thrown at [/HUDSON3/workspace/8-2-build-linux-amd64/jdk8u101/7261/hotspot/src/sh
Event: 0.080 Thread 0x00007f198400a000 Exception <a 'java/lang/NoSuchMethodError': Method sun.misc.Unsafe.prefetchRead(Ljava/lang/Object;J)V name or signature does not match> (0x00000000eab07fa8) thrown at [/HUDSON3/workspace/8-2-build-linux-amd64/jdk8u101/7261/hotspot/src/share/vm/prims/jni.c
Event: 6.980 Thread 0x00007f198414a000 Exception <a 'java/lang/ArrayIndexOutOfBoundsException': 18> (0x00000000ed194018) thrown at [/HUDSON3/workspace/8-2-build-linux-amd64/jdk8u101/7261/hotspot/src/share/vm/interpreter/interpreterRuntime.cpp, line 366]
Event: 6.981 Thread 0x00007f198414a000 Exception <a 'java/lang/ArrayIndexOutOfBoundsException': 145> (0x00000000ed195b98) thrown at [/HUDSON3/workspace/8-2-build-linux-amd64/jdk8u101/7261/hotspot/src/share/vm/interpreter/interpreterRuntime.cpp, line 366]
Event: 6.982 Thread 0x00007f198414a000 Exception <a 'java/lang/ArrayIndexOutOfBoundsException': 40> (0x00000000ed196e80) thrown at [/HUDSON3/workspace/8-2-build-linux-amd64/jdk8u101/7261/hotspot/src/share/vm/interpreter/interpreterRuntime.cpp, line 366]

Events (10 events):
Event: 46.966 Thread 0x00007f198414f000 DEOPT UNPACKING pc=0x00007f1974a0e233 sp=0x00007f196363ec48 mode 0
Event: 46.981 Thread 0x00007f198414f000 DEOPT PACKING pc=0x00007f1974cc2e88 sp=0x00007f196363eec0
Event: 46.981 Thread 0x00007f198414f000 DEOPT UNPACKING pc=0x00007f1974a0e233 sp=0x00007f196363ec48 mode 0
Event: 46.993 Executing VM operation: ParallelGCFailedAllocation
Event: 47.204 Executing VM operation: ParallelGCFailedAllocation done
Event: 47.272 Thread 0x00007f198414a000 DEOPT PACKING pc=0x00007f1974c9904d sp=0x00007f1970361d30
Event: 47.273 Thread 0x00007f198414a000 DEOPT UNPACKING pc=0x00007f1974a0e233 sp=0x00007f1970361ac0 mode 0
Event: 47.404 Thread 0x00007f198414a000 DEOPT PACKING pc=0x00007f1974c9904d sp=0x00007f1970361ee0
Event: 47.404 Thread 0x00007f198414a000 DEOPT UNPACKING pc=0x00007f1974a0e233 sp=0x00007f1970361c70 mode 0
Event: 47.427 Executing VM operation: ParallelGCFailedAllocation


Dynamic libraries:
00400000-00401000 r-xp 00000000 08:02 15368989                           /usr/lib/jvm/java-8-oracle/bin/java
00600000-00601000 rw-p 00000000 08:02 15368989                           /usr/lib/jvm/java-8-oracle/bin/java
014b3000-01592000 rw-p 00000000 00:00 0                                  [heap]
c0000000-cad80000 rw-p 00000000 00:00 0 
cf180000-eab00000 ---p 00000000 00:00 0 
eab00000-fad00000 rw-p 00000000 00:00 0 
fad00000-100000000 ---p 00000000 00:00 0 
100000000-1000c0000 rw-p 00000000 00:00 0 
1000c0000-140000000 ---p 00000000 00:00 0 
7f1930000000-7f193008c000 rw-p 00000000 00:00 0 
7f193008c000-7f1934000000 ---p 00000000 00:00 0 
7f1938000000-7f1938021000 rw-p 00000000 00:00 0 
7f1938021000-7f193c000000 ---p 00000000 00:00 0 
7f193c000000-7f193c0e9000 rw-p 00000000 00:00 0 
7f193c0e9000-7f1940000000 ---p 00000000 00:00 0 
7f1940000000-7f1940021000 rw-p 00000000 00:00 0 
7f1940021000-7f1944000000 ---p 00000000 00:00 0 
7f1944000000-7f19440f7000 rw-p 00000000 00:00 0 
7f19440f7000-7f1948000000 ---p 00000000 00:00 0 
7f1948000000-7f1948a15000 rw-p 00000000 00:00 0 
7f1948a15000-7f194c000000 ---p 00000000 00:00 0 
7f194c000000-7f194c021000 rw-p 00000000 00:00 0 
7f194c021000-7f1950000000 ---p 00000000 00:00 0 
7f1950000000-7f1950021000 rw-p 00000000 00:00 0 
7f1950021000-7f1954000000 ---p 00000000 00:00 0 
7f1954000000-7f1955a34000 rw-p 00000000 00:00 0 
7f1955a34000-7f1958000000 ---p 00000000 00:00 0 
7f1958000000-7f1958021000 rw-p 00000000 00:00 0 
7f1958021000-7f195c000000 ---p 00000000 00:00 0 
7f195c000000-7f195c021000 rw-p 00000000 00:00 0 
7f195c021000-7f1960000000 ---p 00000000 00:00 0 
7f196343f000-7f1963442000 ---p 00000000 00:00 0 
7f1963442000-7f1963540000 rw-p 00000000 00:00 0 
7f1963540000-7f1963543000 ---p 00000000 00:00 0 
7f1963543000-7f1963641000 rw-p 00000000 00:00 0 
7f1963641000-7f1964000000 r--p 00000000 08:02 14715783                   /usr/lib/locale/locale-archive
7f1964000000-7f1964021000 rw-p 00000000 00:00 0 
7f1964021000-7f1968000000 ---p 00000000 00:00 0 
7f1968000000-7f1968293000 rw-p 00000000 00:00 0 
7f1968293000-7f196c000000 ---p 00000000 00:00 0 
7f196c000000-7f196c021000 rw-p 00000000 00:00 0 
7f196c021000-7f1970000000 ---p 00000000 00:00 0 
7f197003c000-7f1970061000 r--p 00000000 08:02 16551027                   /usr/share/locale-langpack/es/LC_MESSAGES/libc.mo
7f1970061000-7f1970064000 ---p 00000000 00:00 0 
7f1970064000-7f1970162000 rw-p 00000000 00:00 0 
7f1970162000-7f1970165000 ---p 00000000 00:00 0 
7f1970165000-7f1970263000 rw-p 00000000 00:00 0 
7f1970263000-7f1970266000 ---p 00000000 00:00 0 
7f1970266000-7f1970364000 rw-p 00000000 00:00 0 
7f1970375000-7f1970376000 ---p 00000000 00:00 0 
7f1970376000-7f1970476000 rw-p 00000000 00:00 0 
7f1970476000-7f1970479000 ---p 00000000 00:00 0 
7f1970479000-7f1970577000 rw-p 00000000 00:00 0 
7f1970577000-7f197057a000 ---p 00000000 00:00 0 
7f197057a000-7f1970678000 rw-p 00000000 00:00 0 
7f1970678000-7f197067b000 ---p 00000000 00:00 0 
7f197067b000-7f1970779000 rw-p 00000000 00:00 0 
7f1970779000-7f197077c000 ---p 00000000 00:00 0 
7f197077c000-7f197087a000 rw-p 00000000 00:00 0 
7f197087a000-7f197087d000 ---p 00000000 00:00 0 
7f197087d000-7f197097b000 rw-p 00000000 00:00 0 
7f197097b000-7f197097e000 ---p 00000000 00:00 0 
7f197097e000-7f1970a7c000 rw-p 00000000 00:00 0 
7f1970a7c000-7f1970a7d000 ---p 00000000 00:00 0 
7f1970a7d000-7f19714d5000 rw-p 00000000 00:00 0 
7f19714d5000-7f19716ae000 r--s 03d29000 08:02 15635103                   /usr/lib/jvm/java-8-oracle/jre/lib/rt.jar
7f19716ae000-7f1971d2e000 rw-p 00000000 00:00 0 
7f1971d2e000-7f1971eae000 ---p 00000000 00:00 0 
7f1971eae000-7f19740ae000 rw-p 00000000 00:00 0 
7f19740ae000-7f19740af000 ---p 00000000 00:00 0 
7f19740af000-7f19741af000 rw-p 00000000 00:00 0 
7f19741af000-7f19741b0000 ---p 00000000 00:00 0 
7f19741b0000-7f1974307000 rw-p 00000000 00:00 0 
7f1974307000-7f1974406000 ---p 00000000 00:00 0 
7f1974406000-7f197445d000 rw-p 00000000 00:00 0 
7f197445d000-7f197455b000 ---p 00000000 00:00 0 
7f197455b000-7f19745dd000 rw-p 00000000 00:00 0 
7f19745dd000-7f1974606000 ---p 00000000 00:00 0 
7f1974606000-7f1974626000 rw-p 00000000 00:00 0 
7f1974626000-7f19749c7000 ---p 00000000 00:00 0 
7f19749c7000-7f1975187000 rwxp 00000000 00:00 0 
7f1975187000-7f19839c7000 ---p 00000000 00:00 0 
7f19839c7000-7f19839e1000 r-xp 00000000 08:02 16558411                   /usr/lib/jvm/java-8-oracle/jre/lib/amd64/libzip.so
7f19839e1000-7f1983be1000 ---p 0001a000 08:02 16558411                   /usr/lib/jvm/java-8-oracle/jre/lib/amd64/libzip.so
7f1983be1000-7f1983be2000 rw-p 0001a000 08:02 16558411                   /usr/lib/jvm/java-8-oracle/jre/lib/amd64/libzip.so
7f1983be2000-7f1983bed000 r-xp 00000000 08:02 7621579                    /lib/x86_64-linux-gnu/libnss_files-2.23.so
7f1983bed000-7f1983dec000 ---p 0000b000 08:02 7621579                    /lib/x86_64-linux-gnu/libnss_files-2.23.so
7f1983dec000-7f1983ded000 r--p 0000a000 08:02 7621579                    /lib/x86_64-linux-gnu/libnss_files-2.23.so
7f1983ded000-7f1983dee000 rw-p 0000b000 08:02 7621579                    /lib/x86_64-linux-gnu/libnss_files-2.23.so
7f1983dee000-7f1983df4000 rw-p 00000000 00:00 0 
7f1983df4000-7f1983dff000 r-xp 00000000 08:02 7621589                    /lib/x86_64-linux-gnu/libnss_nis-2.23.so
7f1983dff000-7f1983ffe000 ---p 0000b000 08:02 7621589                    /lib/x86_64-linux-gnu/libnss_nis-2.23.so
7f1983ffe000-7f1983fff000 r--p 0000a000 08:02 7621589                    /lib/x86_64-linux-gnu/libnss_nis-2.23.so
7f1983fff000-7f1984000000 rw-p 0000b000 08:02 7621589                    /lib/x86_64-linux-gnu/libnss_nis-2.23.so
7f1984000000-7f1984394000 rw-p 00000000 00:00 0 
7f1984394000-7f1988000000 ---p 00000000 00:00 0 
7f1988003000-7f198800a000 r--s 00000000 08:02 14974115                   /usr/lib/x86_64-linux-gnu/gconv/gconv-modules.cache
7f198800a000-7f19880a1000 rw-p 00000000 00:00 0 
7f19880a1000-7f19880b7000 r-xp 00000000 08:02 7621573                    /lib/x86_64-linux-gnu/libnsl-2.23.so
7f19880b7000-7f19882b6000 ---p 00016000 08:02 7621573                    /lib/x86_64-linux-gnu/libnsl-2.23.so
7f19882b6000-7f19882b7000 r--p 00015000 08:02 7621573                    /lib/x86_64-linux-gnu/libnsl-2.23.so
7f19882b7000-7f19882b8000 rw-p 00016000 08:02 7621573                    /lib/x86_64-linux-gnu/libnsl-2.23.so
7f19882b8000-7f19882ba000 rw-p 00000000 00:00 0 
7f19882ba000-7f19882c2000 r-xp 00000000 08:02 7621575                    /lib/x86_64-linux-gnu/libnss_compat-2.23.so
7f19882c2000-7f19884c1000 ---p 00008000 08:02 7621575                    /lib/x86_64-linux-gnu/libnss_compat-2.23.so
7f19884c1000-7f19884c2000 r--p 00007000 08:02 7621575                    /lib/x86_64-linux-gnu/libnss_compat-2.23.so
7f19884c2000-7f19884c3000 rw-p 00008000 08:02 7621575                    /lib/x86_64-linux-gnu/libnss_compat-2.23.so
7f19884c3000-7f19884ed000 r-xp 00000000 08:02 16558437                   /usr/lib/jvm/java-8-oracle/jre/lib/amd64/libjava.so
7f19884ed000-7f19886ed000 ---p 0002a000 08:02 16558437                   /usr/lib/jvm/java-8-oracle/jre/lib/amd64/libjava.so
7f19886ed000-7f19886ef000 rw-p 0002a000 08:02 16558437                   /usr/lib/jvm/java-8-oracle/jre/lib/amd64/libjava.so
7f19886ef000-7f19886fc000 r-xp 00000000 08:02 16558391                   /usr/lib/jvm/java-8-oracle/jre/lib/amd64/libverify.so
7f19886fc000-7f19888fc000 ---p 0000d000 08:02 16558391                   /usr/lib/jvm/java-8-oracle/jre/lib/amd64/libverify.so
7f19888fc000-7f19888fe000 rw-p 0000d000 08:02 16558391                   /usr/lib/jvm/java-8-oracle/jre/lib/amd64/libverify.so
7f19888fe000-7f1988905000 r-xp 00000000 08:02 7621634                    /lib/x86_64-linux-gnu/librt-2.23.so
7f1988905000-7f1988b04000 ---p 00007000 08:02 7621634                    /lib/x86_64-linux-gnu/librt-2.23.so
7f1988b04000-7f1988b05000 r--p 00006000 08:02 7621634                    /lib/x86_64-linux-gnu/librt-2.23.so
7f1988b05000-7f1988b06000 rw-p 00007000 08:02 7621634                    /lib/x86_64-linux-gnu/librt-2.23.so
7f1988b06000-7f1988c0e000 r-xp 00000000 08:02 7621550                    /lib/x86_64-linux-gnu/libm-2.23.so
7f1988c0e000-7f1988e0d000 ---p 00108000 08:02 7621550                    /lib/x86_64-linux-gnu/libm-2.23.so
7f1988e0d000-7f1988e0e000 r--p 00107000 08:02 7621550                    /lib/x86_64-linux-gnu/libm-2.23.so
7f1988e0e000-7f1988e0f000 rw-p 00108000 08:02 7621550                    /lib/x86_64-linux-gnu/libm-2.23.so
7f1988e0f000-7f1989ada000 r-xp 00000000 08:02 16558441                   /usr/lib/jvm/java-8-oracle/jre/lib/amd64/server/libjvm.so
7f1989ada000-7f1989cd9000 ---p 00ccb000 08:02 16558441                   /usr/lib/jvm/java-8-oracle/jre/lib/amd64/server/libjvm.so
7f1989cd9000-7f1989db2000 rw-p 00cca000 08:02 16558441                   /usr/lib/jvm/java-8-oracle/jre/lib/amd64/server/libjvm.so
7f1989db2000-7f1989dfd000 rw-p 00000000 00:00 0 
7f1989dfd000-7f1989fbd000 r-xp 00000000 08:02 7621480                    /lib/x86_64-linux-gnu/libc-2.23.so
7f1989fbd000-7f198a1bc000 ---p 001c0000 08:02 7621480                    /lib/x86_64-linux-gnu/libc-2.23.so
7f198a1bc000-7f198a1c0000 r--p 001bf000 08:02 7621480                    /lib/x86_64-linux-gnu/libc-2.23.so
7f198a1c0000-7f198a1c2000 rw-p 001c3000 08:02 7621480                    /lib/x86_64-linux-gnu/libc-2.23.so
7f198a1c2000-7f198a1c6000 rw-p 00000000 00:00 0 
7f198a1c6000-7f198a1c9000 r-xp 00000000 08:02 7621504                    /lib/x86_64-linux-gnu/libdl-2.23.so
7f198a1c9000-7f198a3c8000 ---p 00003000 08:02 7621504                    /lib/x86_64-linux-gnu/libdl-2.23.so
7f198a3c8000-7f198a3c9000 r--p 00002000 08:02 7621504                    /lib/x86_64-linux-gnu/libdl-2.23.so
7f198a3c9000-7f198a3ca000 rw-p 00003000 08:02 7621504                    /lib/x86_64-linux-gnu/libdl-2.23.so
7f198a3ca000-7f198a3df000 r-xp 00000000 08:02 16301575                   /usr/lib/jvm/java-8-oracle/lib/amd64/jli/libjli.so
7f198a3df000-7f198a5df000 ---p 00015000 08:02 16301575                   /usr/lib/jvm/java-8-oracle/lib/amd64/jli/libjli.so
7f198a5df000-7f198a5e0000 rw-p 00015000 08:02 16301575                   /usr/lib/jvm/java-8-oracle/lib/amd64/jli/libjli.so
7f198a5e0000-7f198a5f8000 r-xp 00000000 08:02 7621626                    /lib/x86_64-linux-gnu/libpthread-2.23.so
7f198a5f8000-7f198a7f7000 ---p 00018000 08:02 7621626                    /lib/x86_64-linux-gnu/libpthread-2.23.so
7f198a7f7000-7f198a7f8000 r--p 00017000 08:02 7621626                    /lib/x86_64-linux-gnu/libpthread-2.23.so
7f198a7f8000-7f198a7f9000 rw-p 00018000 08:02 7621626                    /lib/x86_64-linux-gnu/libpthread-2.23.so
7f198a7f9000-7f198a7fd000 rw-p 00000000 00:00 0 
7f198a7fd000-7f198a823000 r-xp 00000000 08:02 7621452                    /lib/x86_64-linux-gnu/ld-2.23.so
7f198a825000-7f198a8fe000 rw-p 00000000 00:00 0 
7f198a8fe000-7f198a901000 ---p 00000000 00:00 0 
7f198a901000-7f198aa03000 rw-p 00000000 00:00 0 
7f198aa08000-7f198aa16000 r--s 000e0000 08:02 28373766                   /home/julio/Android/Sdk/build-tools/24.0.2/lib/dx.jar
7f198aa16000-7f198aa1e000 rw-s 00000000 08:02 23901787                   /tmp/hsperfdata_julio/19031
7f198aa1e000-7f198aa1f000 rw-p 00000000 00:00 0 
7f198aa1f000-7f198aa20000 ---p 00000000 00:00 0 
7f198aa20000-7f198aa22000 rw-p 00000000 00:00 0 
7f198aa22000-7f198aa23000 r--p 00025000 08:02 7621452                    /lib/x86_64-linux-gnu/ld-2.23.so
7f198aa23000-7f198aa24000 rw-p 00026000 08:02 7621452                    /lib/x86_64-linux-gnu/ld-2.23.so
7f198aa24000-7f198aa25000 rw-p 00000000 00:00 0 
7ffc20acc000-7ffc20aee000 rw-p 00000000 00:00 0                          [stack]
7ffc20b77000-7ffc20b79000 r--p 00000000 00:00 0                          [vvar]
7ffc20b79000-7ffc20b7b000 r-xp 00000000 00:00 0                          [vdso]
ffffffffff600000-ffffffffff601000 r-xp 00000000 00:00 0                  [vsyscall]

VM Arguments:
jvm_args: -Djava.awt.headless=true -Xmx1024M -Dfile.encoding=UTF-8 -Duser.country=MX -Duser.language=es -Duser.variant 
java_command: com.android.dx.command.Main --dex --force-jumbo --num-threads=4 --multi-dex --output /home/julio/AndroidStudioProjects/HolaMundo2/app/build/intermediates/transforms/dex/debug/folders/1000/10/com.google.android.gms-play-services-ads-9.4.0_e8d6f881f8462d57c249393e2d6b7ccdea6dde2a /home/julio/AndroidStudioProjects/HolaMundo2/app/build/intermediates/exploded-aar/com.google.android.gms/play-services-ads/9.4.0/jars/classes.jar
java_class_path (initial): /home/julio/Android/Sdk/build-tools/24.0.2/lib/dx.jar
Launcher Type: SUN_STANDARD

Environment Variables:
PATH=/home/julio/bin:/home/julio/.local/bin:/usr/local/sbin:/usr/local/bin:/usr/sbin:/usr/bin:/sbin:/bin:/usr/games:/usr/local/games:/snap/bin
LD_LIBRARY_PATH=/home/julio/android-studio/bin:
SHELL=/bin/bash
DISPLAY=:0

Signal Handlers:
SIGSEGV: [libjvm.so+0xac4790], sa_mask[0]=11111111011111111101111111111110, sa_flags=SA_RESTART|SA_SIGINFO
SIGBUS: [libjvm.so+0xac4790], sa_mask[0]=11111111011111111101111111111110, sa_flags=SA_RESTART|SA_SIGINFO
SIGFPE: [libjvm.so+0x91f140], sa_mask[0]=11111111011111111101111111111110, sa_flags=SA_RESTART|SA_SIGINFO
SIGPIPE: [libjvm.so+0x91f140], sa_mask[0]=11111111011111111101111111111110, sa_flags=SA_RESTART|SA_SIGINFO
SIGXFSZ: [libjvm.so+0x91f140], sa_mask[0]=11111111011111111101111111111110, sa_flags=SA_RESTART|SA_SIGINFO
SIGILL: [libjvm.so+0x91f140], sa_mask[0]=11111111011111111101111111111110, sa_flags=SA_RESTART|SA_SIGINFO
SIGUSR1: SIG_DFL, sa_mask[0]=00000000000000000000000000000000, sa_flags=none
SIGUSR2: [libjvm.so+0x920770], sa_mask[0]=00100000000000000000000000000000, sa_flags=SA_RESTART|SA_SIGINFO
SIGHUP: [libjvm.so+0x921b70], sa_mask[0]=11111111011111111101111111111110, sa_flags=SA_RESTART|SA_SIGINFO
SIGINT: [libjvm.so+0x921b70], sa_mask[0]=11111111011111111101111111111110, sa_flags=SA_RESTART|SA_SIGINFO
SIGTERM: [libjvm.so+0x921b70], sa_mask[0]=11111111011111111101111111111110, sa_flags=SA_RESTART|SA_SIGINFO
SIGQUIT: [libjvm.so+0x921b70], sa_mask[0]=11111111011111111101111111111110, sa_flags=SA_RESTART|SA_SIGINFO


---------------  S Y S T E M  ---------------

OS:DISTRIB_ID=Ubuntu
DISTRIB_RELEASE=16.04
DISTRIB_CODENAME=xenial
DISTRIB_DESCRIPTION="Ubuntu 16.04.1 LTS"

uname:Linux 4.4.0-38-generic #57-Ubuntu SMP Tue Sep 6 15:42:33 UTC 2016 x86_64
libc:glibc 2.23 NPTL 2.23 
rlimit: STACK 8192k, CORE 0k, NPROC 7219, NOFILE 65536, AS infinity
load average:14.87 8.30 5.58

/proc/meminfo:
MemTotal:        1927304 kB
MemFree:           71856 kB
MemAvailable:      15192 kB
Buffers:             336 kB
Cached:            53848 kB
SwapCached:         3656 kB
Active:          1287912 kB
Inactive:         435456 kB
Active(anon):    1284944 kB
Inactive(anon):   432044 kB
Active(file):       2968 kB
Inactive(file):     3412 kB
Unevictable:           0 kB
Mlocked:               0 kB
SwapTotal:       1975292 kB
SwapFree:              0 kB
Dirty:                56 kB
Writeback:            20 kB
AnonPages:       1665824 kB
Mapped:             3240 kB
Shmem:             47508 kB
Slab:              61080 kB
SReclaimable:      30068 kB
SUnreclaim:        31012 kB
KernelStack:        8704 kB
PageTables:        35564 kB
NFS_Unstable:          0 kB
Bounce:                0 kB
WritebackTmp:          0 kB
CommitLimit:     2938944 kB
Committed_AS:    6691140 kB
VmallocTotal:   34359738367 kB
VmallocUsed:           0 kB
VmallocChunk:          0 kB
HardwareCorrupted:     0 kB
AnonHugePages:    868352 kB
CmaTotal:              0 kB
CmaFree:               0 kB
HugePages_Total:       0
HugePages_Free:        0
HugePages_Rsvd:        0
HugePages_Surp:        0
Hugepagesize:       2048 kB
DirectMap4k:      114880 kB
DirectMap2M:     1861632 kB


CPU:total 2 (2 cores per cpu, 1 threads per core) family 6 model 55 stepping 8, cmov, cx8, fxsr, mmx, sse, sse2, sse3, ssse3, sse4.1, sse4.2, popcnt, clmul, erms, 3dnowpref, tsc, tscinvbit

/proc/cpuinfo:
processor	: 0
vendor_id	: GenuineIntel
cpu family	: 6
model		: 55
model name	: Intel(R) Celeron(R) CPU  N2840  @ 2.16GHz
stepping	: 8
microcode	: 0x829
cpu MHz		: 2583.731
cache size	: 1024 KB
physical id	: 0
siblings	: 2
core id		: 0
cpu cores	: 2
apicid		: 0
initial apicid	: 0
fpu		: yes
fpu_exception	: yes
cpuid level	: 11
wp		: yes
flags		: fpu vme de pse tsc msr pae mce cx8 apic sep mtrr pge mca cmov pat pse36 clflush dts acpi mmx fxsr sse sse2 ss ht tm pbe syscall nx rdtscp lm constant_tsc arch_perfmon pebs bts rep_good nopl xtopology nonstop_tsc aperfmperf pni pclmulqdq dtes64 monitor ds_cpl vmx est tm2 ssse3 cx16 xtpr pdcm sse4_1 sse4_2 movbe popcnt tsc_deadline_timer rdrand lahf_lm 3dnowprefetch epb tpr_shadow vnmi flexpriority ept vpid tsc_adjust smep erms dtherm ida arat
bugs		:
bogomips	: 4326.40
clflush size	: 64
cache_alignment	: 64
address sizes	: 36 bits physical, 48 bits virtual
power management:

processor	: 1
vendor_id	: GenuineIntel
cpu family	: 6
model		: 55
model name	: Intel(R) Celeron(R) CPU  N2840  @ 2.16GHz
stepping	: 8
microcode	: 0x829
cpu MHz		: 2583.393
cache size	: 1024 KB
physical id	: 0
siblings	: 2
core id		: 1
cpu cores	: 2
apicid		: 2
initial apicid	: 2
fpu		: yes
fpu_exception	: yes
cpuid level	: 11
wp		: yes
flags		: fpu vme de pse tsc msr pae mce cx8 apic sep mtrr pge mca cmov pat pse36 clflush dts acpi mmx fxsr sse sse2 ss ht tm pbe syscall nx rdtscp lm constant_tsc arch_perfmon pebs bts rep_good nopl xtopology nonstop_tsc aperfmperf pni pclmulqdq dtes64 monitor ds_cpl vmx est tm2 ssse3 cx16 xtpr pdcm sse4_1 sse4_2 movbe popcnt tsc_deadline_timer rdrand lahf_lm 3dnowprefetch epb tpr_shadow vnmi flexpriority ept vpid tsc_adjust smep erms dtherm ida arat
bugs		:
bogomips	: 4326.40
clflush size	: 64
cache_alignment	: 64
address sizes	: 36 bits physical, 48 bits virtual
power management:



Memory: 4k page, physical 1927304k(66940k free), swap 1975292k(4k free)

vm_info: Java HotSpot(TM) 64-Bit Server VM (25.101-b13) for linux-amd64 JRE (1.8.0_101-b13), built on Jun 22 2016 02:59:44 by "java_re" with gcc 4.3.0 20080428 (Red Hat 4.3.0-8)

time: Sun Oct 30 11:35:08 2016
elapsed time: 77 seconds (0d 0h 1m 17s)

